<?xml version="1.0" encoding="UTF-8"?>
<!-- Generated by org.testng.reporters.JUnitReportReporter -->
<testsuite hostname="Aruns-MacBook-Air.local" name="com.qa.test.tests.WeatherDetails" tests="1" failures="0" timestamp="15 Mar 2020 05:12:50 GMT" time="2.559" errors="0">
  <testcase name="getWeatherDetails" time="2.559" classname="com.qa.test.tests.WeatherDetails"/>
</testsuite>
